<?xml version="1.0" encoding="UTF-8"?>
<!-- Generated by org.testng.reporters.JUnitReportReporter -->
<testsuite hostname="Admin" failures="0" tests="1" name="com.Testcases.DeleteAccounts" time="93.648" errors="0" timestamp="2025-06-18T20:31:24 IST" skipped="0">
  <testcase classname="com.Testcases.DeleteAccounts" name="TC_07_Delete_Connectsei_and_Proserv_Accounts" time="93.648"/>
</testsuite> <!-- com.Testcases.DeleteAccounts -->
