<?xml version="1.0" encoding="UTF-8"?>
<!-- Generated by org.testng.reporters.JUnitReportReporter -->
<testsuite hostname="Admin" failures="0" tests="1" name="com.Testcases.TC_06_BookingFlow" time="131.689" errors="0" timestamp="2025-06-09T19:04:45 IST" skipped="0">
  <testcase classname="com.Testcases.TC_06_BookingFlow" name="removerepair" time="131.689"/>
</testsuite> <!-- com.Testcases.TC_06_BookingFlow -->
