<?xml version="1.0" encoding="UTF-8"?>
<!-- Generated by org.testng.reporters.JUnitReportReporter -->
<testsuite hostname="Admin" failures="0" tests="1" name="com.Testcases.TC_02_Login" time="67.624" errors="0" timestamp="2025-05-28T18:57:12 IST" skipped="0">
  <testcase classname="com.Testcases.TC_02_Login" name="removerepair" time="67.624"/>
</testsuite> <!-- com.Testcases.TC_02_Login -->
