<?xml version="1.0" encoding="UTF-8"?>
<!-- Generated by org.testng.reporters.JUnitReportReporter -->
<testsuite hostname="Admin" failures="0" tests="1" name="com.Testcases.TC_06_BookingFlow" time="747.659" errors="0" timestamp="2025-06-14T13:56:31 IST" skipped="0">
  <testcase classname="com.Testcases.TC_06_BookingFlow" name="TC_06_BookingFlow_Functionality" time="747.659"/>
</testsuite> <!-- com.Testcases.TC_06_BookingFlow -->
