<?xml version="1.0" encoding="UTF-8"?>
<!-- Generated by org.testng.reporters.JUnitReportReporter -->
<testsuite hostname="Admin" failures="0" tests="1" name="com.Testcases.TC_01_Register" time="56.752" errors="0" timestamp="2025-05-23T19:16:41 IST" skipped="0">
  <testcase classname="com.Testcases.TC_01_Register" name="removerepair" time="56.752"/>
</testsuite> <!-- com.Testcases.TC_01_Register -->
