<?xml version="1.0" encoding="UTF-8"?>
<!-- Generated by org.testng.reporters.JUnitReportReporter -->
<testsuite hostname="Admin" failures="0" tests="1" name="com.Testcases.TC_05_ProfilePage" time="251.111" errors="0" timestamp="2025-06-09T17:19:13 IST" skipped="0">
  <testcase classname="com.Testcases.TC_05_ProfilePage" name="removerepair" time="251.111"/>
</testsuite> <!-- com.Testcases.TC_05_ProfilePage -->
