<?xml version="1.0" encoding="UTF-8"?>
<!-- Generated by org.testng.reporters.JUnitReportReporter -->
<testsuite hostname="Admin" failures="0" tests="1" name="com.Testcases.TC_04_HOMEPAGE" time="112.374" errors="0" timestamp="2025-05-28T19:10:30 IST" skipped="0">
  <testcase classname="com.Testcases.TC_04_HOMEPAGE" name="removerepair" time="112.374"/>
</testsuite> <!-- com.Testcases.TC_04_HOMEPAGE -->
