<?xml version="1.0" encoding="UTF-8"?>
<!-- Generated by org.testng.reporters.JUnitReportReporter -->
<testsuite hostname="Admin" failures="0" tests="1" name="com.Testcases.TC_01_Register" time="58.745" errors="0" timestamp="2025-05-27T19:13:25 IST" skipped="0">
  <testcase classname="com.Testcases.TC_01_Register" name="removerepair" time="58.745"/>
</testsuite> <!-- com.Testcases.TC_01_Register -->
