<?xml version="1.0" encoding="UTF-8"?>
<!-- Generated by org.testng.reporters.JUnitReportReporter -->
<testsuite hostname="Admin" failures="0" tests="1" name="com.Testcases.TC_04_HOMEPAGE" time="97.671" errors="0" timestamp="2025-06-18T20:31:24 IST" skipped="0">
  <testcase classname="com.Testcases.TC_04_HOMEPAGE" name="TC_04_Check_Homepage_Notification_and_Myorderpage" time="97.671"/>
</testsuite> <!-- com.Testcases.TC_04_HOMEPAGE -->
