<?xml version="1.0" encoding="UTF-8"?>
<!-- Generated by org.testng.reporters.JUnitReportReporter -->
<testsuite hostname="Admin" failures="0" tests="1" name="com.Testcases.TC_05_ProfilePage" time="68.649" errors="0" timestamp="2025-05-28T19:19:59 IST" skipped="0">
  <testcase classname="com.Testcases.TC_05_ProfilePage" name="removerepair" time="68.649"/>
</testsuite> <!-- com.Testcases.TC_05_ProfilePage -->
