<?xml version="1.0" encoding="UTF-8"?>
<!-- Generated by org.testng.reporters.JUnitReportReporter -->
<testsuite hostname="Admin" failures="0" tests="1" name="com.Connectsei_testcases_login_module.TC04_HomePage" time="126.354" errors="0" timestamp="2025-06-18T20:31:24 IST" skipped="0">
  <testcase classname="com.Connectsei_testcases_login_module.TC04_HomePage" name="Connectsei_Notification_And_Home_Page_UI_And_Functional_Check" time="126.354"/>
</testsuite> <!-- com.Connectsei_testcases_login_module.TC04_HomePage -->
