<?xml version="1.0" encoding="UTF-8"?>
<!-- Generated by org.testng.reporters.JUnitReportReporter -->
<testsuite hostname="Admin" failures="0" tests="1" name="com.Testcases.TC_03_ForgetPassword" time="153.139" errors="0" timestamp="2025-05-23T18:56:37 IST" skipped="0">
  <testcase classname="com.Testcases.TC_03_ForgetPassword" name="removerepair" time="153.139"/>
</testsuite> <!-- com.Testcases.TC_03_ForgetPassword -->
