<?xml version="1.0" encoding="UTF-8"?>
<!-- Generated by org.testng.reporters.JUnitReportReporter -->
<testsuite hostname="Admin" failures="0" tests="1" name="com.Connectsei_testcases_login_module.TC03_ForgotPasswordPage" time="265.003" errors="0" timestamp="2025-06-18T20:31:24 IST" skipped="0">
  <testcase classname="com.Connectsei_testcases_login_module.TC03_ForgotPasswordPage" name="Connectsei_Forgot_Password_Field_UI_And_Functional_Check" time="265.003"/>
</testsuite> <!-- com.Connectsei_testcases_login_module.TC03_ForgotPasswordPage -->
