<?xml version="1.0" encoding="UTF-8"?>
<!-- Generated by org.testng.reporters.JUnitReportReporter -->
<testsuite hostname="Admin" failures="0" tests="1" name="com.Testcases.TC_02_Login" time="58.244" errors="0" timestamp="2025-06-18T20:31:24 IST" skipped="0">
  <testcase classname="com.Testcases.TC_02_Login" name="TC02_Login_functionality" time="58.244"/>
</testsuite> <!-- com.Testcases.TC_02_Login -->
