<?xml version="1.0" encoding="UTF-8"?>
<!-- Generated by org.testng.reporters.JUnitReportReporter -->
<testsuite hostname="Admin" failures="0" tests="1" name="com.Connectsei_testcases_login_module.TC02_LoingPage" time="68.845" errors="0" timestamp="2025-06-18T16:55:58 IST" skipped="0">
  <testcase classname="com.Connectsei_testcases_login_module.TC02_LoingPage" name="Login_Page_UI_And_Functional_Check" time="68.845"/>
</testsuite> <!-- com.Connectsei_testcases_login_module.TC02_LoingPage -->
