<?xml version="1.0" encoding="UTF-8"?>
<!-- Generated by org.testng.reporters.JUnitReportReporter -->
<testsuite hostname="Admin" failures="0" tests="1" name="com.Connectsei_testcases_login_module.TC01_RegisterPage" time="423.572" errors="0" timestamp="2025-06-18T20:31:24 IST" skipped="0">
  <testcase classname="com.Connectsei_testcases_login_module.TC01_RegisterPage" name="Connectsei_Register_Page_UI_And_Functional_Check" time="423.572"/>
</testsuite> <!-- com.Connectsei_testcases_login_module.TC01_RegisterPage -->
