<?xml version="1.0" encoding="UTF-8"?>
<!-- Generated by org.testng.reporters.JUnitReportReporter -->
<testsuite hostname="Admin" failures="0" tests="1" name="com.Connectsei_testcases_login_module.TC01_RegisterPage" time="402.990" errors="0" timestamp="2025-06-18T16:55:58 IST" skipped="0">
  <testcase classname="com.Connectsei_testcases_login_module.TC01_RegisterPage" name="Register_Page_UI_And_Functional_Check" time="402.990"/>
</testsuite> <!-- com.Connectsei_testcases_login_module.TC01_RegisterPage -->
