<?xml version="1.0" encoding="UTF-8"?>
<!-- Generated by org.testng.reporters.JUnitReportReporter -->
<testsuite hostname="Admin" failures="0" tests="1" name="com.Testcases.TC_06_BookingFlow" time="431.652" errors="0" timestamp="2025-06-18T20:31:24 IST" skipped="0">
  <testcase classname="com.Testcases.TC_06_BookingFlow" name="TC_06_Booking_Confirmation_Completion_and_Payment_Flow" time="431.652"/>
</testsuite> <!-- com.Testcases.TC_06_BookingFlow -->
