<?xml version="1.0" encoding="UTF-8"?>
<!-- Generated by org.testng.reporters.JUnitReportReporter -->
<testsuite hostname="Admin" failures="0" tests="1" name="com.Testcases.TC_03_ForgetPassword" time="312.308" errors="0" timestamp="2025-05-28T19:02:43 IST" skipped="0">
  <testcase classname="com.Testcases.TC_03_ForgetPassword" name="removerepair" time="312.308"/>
</testsuite> <!-- com.Testcases.TC_03_ForgetPassword -->
