<?xml version="1.0" encoding="UTF-8"?>
<!-- Generated by org.testng.reporters.JUnitReportReporter -->
<testsuite hostname="Admin" failures="0" tests="1" name="com.Testcases.TC_06_BookingFlow" time="20.560" errors="0" timestamp="2025-05-29T13:16:59 IST" skipped="0">
  <testcase classname="com.Testcases.TC_06_BookingFlow" name="removerepair" time="20.560"/>
</testsuite> <!-- com.Testcases.TC_06_BookingFlow -->
