<?xml version="1.0" encoding="UTF-8"?>
<!-- Generated by org.testng.reporters.JUnitReportReporter -->
<testsuite hostname="Admin" failures="0" tests="1" name="com.Testcases.TC_01_Login" time="20.436" errors="0" timestamp="2025-05-12T18:54:49 IST" skipped="0">
  <testcase classname="com.Testcases.TC_01_Login" name="removerepair" time="20.436"/>
</testsuite> <!-- com.Testcases.TC_01_Login -->
